
ROM used:   715/1024 (70%)
            715/1024 (70%) including unused fragments

            0.7 Average locations per line
            4.2 Average locations per statement

RAM used:   8/68 (12%) at main() level
            19/68 (28%) worst case

Stack used: 6 worst case (6 in main + 0 for interrupts)
Stack size: 8

Lines Stmts  %   Files
----- ----- ---  -----
  155    88  51  main.c
  404     0   0  ..\..\..\..\Program Files (x86)\PICC\Devices\16F84A.h
  456    84  49  ..\..\..\..\Program Files (x86)\PICC\Drivers\lcd.c
----- -----
 1015   172 Total

Page ROM  %  RAM   Vol Diff  Functions:
---- --- --- ---   --- ----  ----------
0     20   3    1             @delay_ms1
 Inline         3   596  5.9  lcd_read_byte
0      6   1    0    59  4.2  lcd_read_nibble
0     12   2    1   179  3.3  lcd_send_nibble
0     64   9    3   460  4.7  lcd_send_byte
0     59   8    6   814  7.2  lcd_init
0     18   3    4   208  6.3  lcd_gotoxy
0     44   6    1   354  4.7  lcd_putc
0    180  25    1  1166  4.3  MAIN
0      6   1    0             @const553
0     20   3    0             @const554
0     21   3    0   132  1.6  @const555
0     20   3    0             @const557
0     17   2    0             @const558
0     42   6    1   132  1.6  display_tiempo
0     16   2    0    66  2.9  @const560
0     21   3    3   104  3.2  @DIV88
0     53   7    2    66  2.9  @PRINTF_U_527
0     14   2    0    66  2.9  @const567
0      8   1    0    66  2.9  incrementar_minuto
0     12   2    0   104  3.2  decrementar_minuto
0      8   1    0    66  2.9  incrementar_hora
0      4   1    0    38  1.8  decrementar_hora
0     19   3    0    96  3.2  iniciar_parar
0     15   2    1    82  2.8  esperar_1_minuto
0     12   2    0   104  3.2  decrementar_tiempo
 Inline         0    48  1.1  @cinit1

Program metrics:
    Functions               22
    Statements              172
    Comments                213
    Volume (V)              8788
    Difficulty (D)          81.7
    Effort to implement (E) 718310
    Time to implement (T)   11 hours, 5 minutes
    Est Delivered Bugs (B)  3
    Cyclomatic Complexity   29
    Maintainability (MI)    57

 Segment     Used  Free
-----------  ----  ----
00000-00003     4  0  
00004-003FF   711  309  



